2025-12-07 10:40:31,390 [INFO] No API keys found. Using Internal Simulation Mode.
2025-12-07 10:40:31,390 [INFO] Bot started in Multi-Symbol Mode.
2025-12-07 10:40:31,391 [INFO] Scanning market... (12 pairs)
2025-12-07 10:40:35,747 [INFO] [BTC/USDT] Volatility too low (0.0019 < 0.002). Skipping prediction.
2025-12-07 10:40:39,394 [INFO] [ETH/USDT] Prediction: HOLD (Prob: 0.5067, Close: 3037.45000000)
2025-12-07 10:40:42,898 [INFO] [SOL/USDT] Prediction: HOLD (Prob: 0.4699, Close: 132.13000000)
2025-12-07 10:40:46,060 [INFO] [BNB/USDT] Prediction: HOLD (Prob: 0.4955, Close: 889.70000000)
2025-12-07 10:40:49,286 [INFO] [ADA/USDT] Prediction: HOLD (Prob: 0.4940, Close: 0.41570000)
2025-12-07 10:40:52,616 [INFO] [XRP/USDT] Prediction: HOLD (Prob: 0.4837, Close: 2.03130000)
2025-12-07 10:40:55,687 [INFO] [DOGE/USDT] Prediction: HOLD (Prob: 0.4645, Close: 0.13894000)
2025-12-07 10:40:58,743 [INFO] [1000PEPE/USDT] Prediction: BUY (Prob: 0.6073, Close: 0.00446650)
2025-12-07 10:41:02,118 [INFO] [1000SHIB/USDT] Prediction: HOLD (Prob: 0.4870, Close: 0.00841200)
2025-12-07 10:41:06,226 [INFO] [LTC/USDT] Prediction: HOLD (Prob: 0.4948, Close: 81.66000000)
2025-12-07 10:41:09,257 [INFO] [AVAX/USDT] Prediction: HOLD (Prob: 0.5095, Close: 13.35900000)
2025-12-07 10:41:13,028 [INFO] [LINK/USDT] Prediction: HOLD (Prob: 0.5174, Close: 13.81900000)
2025-12-07 10:41:13,029 [INFO] Found 1 BUY opportunities.
2025-12-07 10:41:13,030 [INFO] BUY 1000PEPE/USDT @ 0.00446650. Prob: 0.61
2025-12-07 10:41:13,031 [INFO] Cycle End. Balance: 53.32, Equity: 79.99. Open Pos: 1
2025-12-07 10:42:13,037 [INFO] Scanning market... (12 pairs)
2025-12-07 10:42:16,382 [INFO] [BTC/USDT] Volatility too low (0.0020 < 0.002). Skipping prediction.
2025-12-07 10:42:19,308 [INFO] [ETH/USDT] Prediction: HOLD (Prob: 0.4875, Close: 3038.52000000)
2025-12-07 10:42:22,751 [INFO] [SOL/USDT] Prediction: HOLD (Prob: 0.4704, Close: 132.32000000)
2025-12-07 10:42:25,856 [INFO] [BNB/USDT] Prediction: HOLD (Prob: 0.4894, Close: 890.78000000)
2025-12-07 10:42:28,986 [INFO] [ADA/USDT] Prediction: HOLD (Prob: 0.4815, Close: 0.41610000)
2025-12-07 10:42:32,250 [INFO] [XRP/USDT] Prediction: HOLD (Prob: 0.4848, Close: 2.03370000)
2025-12-07 10:42:35,545 [INFO] [DOGE/USDT] Prediction: HOLD (Prob: 0.4544, Close: 0.13910000)
2025-12-07 10:42:38,629 [INFO] [1000PEPE/USDT] Prediction: BUY (Prob: 0.5824, Close: 0.00447470)
2025-12-07 10:42:41,614 [INFO] [1000SHIB/USDT] Prediction: HOLD (Prob: 0.4791, Close: 0.00841900)
2025-12-07 10:42:44,810 [INFO] [LTC/USDT] Prediction: HOLD (Prob: 0.4948, Close: 81.66000000)
2025-12-07 10:42:47,899 [INFO] [AVAX/USDT] Prediction: HOLD (Prob: 0.5037, Close: 13.37500000)
2025-12-07 10:42:51,044 [INFO] [LINK/USDT] Prediction: HOLD (Prob: 0.5129, Close: 13.83700000)
2025-12-07 10:42:51,046 [INFO] Found 1 BUY opportunities.
2025-12-07 10:42:51,047 [INFO] Cycle End. Balance: 53.32, Equity: 80.04. Open Pos: 1
2025-12-07 10:43:51,054 [INFO] Scanning market... (12 pairs)
2025-12-07 10:43:54,273 [INFO] [BTC/USDT] Volatility too low (0.0020 < 0.002). Skipping prediction.
2025-12-07 10:43:57,115 [INFO] [ETH/USDT] Prediction: HOLD (Prob: 0.4673, Close: 3040.35000000)
2025-12-07 10:44:00,311 [INFO] [SOL/USDT] Prediction: HOLD (Prob: 0.4724, Close: 132.29000000)
2025-12-07 10:44:03,301 [INFO] [BNB/USDT] Prediction: HOLD (Prob: 0.4656, Close: 891.35000000)
2025-12-07 10:44:06,785 [INFO] [ADA/USDT] Prediction: HOLD (Prob: 0.4815, Close: 0.41610000)
2025-12-07 10:44:10,007 [INFO] [XRP/USDT] Prediction: HOLD (Prob: 0.4835, Close: 2.03380000)
2025-12-07 10:44:13,306 [INFO] [DOGE/USDT] Prediction: HOLD (Prob: 0.4544, Close: 0.13910000)
2025-12-07 10:44:16,589 [INFO] [1000PEPE/USDT] Prediction: BUY (Prob: 0.5860, Close: 0.00447160)
2025-12-07 10:44:19,647 [INFO] [1000SHIB/USDT] Prediction: HOLD (Prob: 0.4791, Close: 0.00841900)
2025-12-07 10:44:22,660 [INFO] [LTC/USDT] Prediction: HOLD (Prob: 0.4948, Close: 81.66000000)
2025-12-07 10:44:25,811 [INFO] [AVAX/USDT] Prediction: HOLD (Prob: 0.5037, Close: 13.37500000)
2025-12-07 10:44:28,837 [INFO] [LINK/USDT] Prediction: HOLD (Prob: 0.5113, Close: 13.83200000)
2025-12-07 10:44:28,838 [INFO] Found 1 BUY opportunities.
2025-12-07 10:44:28,839 [INFO] Cycle End. Balance: 53.32, Equity: 80.02. Open Pos: 1
2025-12-07 10:45:28,846 [INFO] Scanning market... (12 pairs)
2025-12-07 10:45:32,030 [INFO] [BTC/USDT] Volatility too low (0.0019 < 0.002). Skipping prediction.
2025-12-07 10:45:35,382 [INFO] [ETH/USDT] Prediction: HOLD (Prob: 0.4820, Close: 3039.06000000)
2025-12-07 10:45:38,810 [INFO] [SOL/USDT] Prediction: HOLD (Prob: 0.4771, Close: 132.14000000)
2025-12-07 10:45:41,768 [INFO] [BNB/USDT] Prediction: HOLD (Prob: 0.4866, Close: 890.80000000)
2025-12-07 10:45:45,317 [INFO] [ADA/USDT] Prediction: HOLD (Prob: 0.4940, Close: 0.41570000)
2025-12-07 10:45:48,622 [INFO] [XRP/USDT] Prediction: HOLD (Prob: 0.4822, Close: 2.03210000)
2025-12-07 10:45:51,725 [INFO] [DOGE/USDT] Prediction: HOLD (Prob: 0.4581, Close: 0.13901000)
2025-12-07 10:45:54,949 [INFO] [1000PEPE/USDT] Prediction: BUY (Prob: 0.5844, Close: 0.00447230)
2025-12-07 10:45:58,511 [INFO] [1000SHIB/USDT] Prediction: HOLD (Prob: 0.4854, Close: 0.00841400)
2025-12-07 10:46:01,712 [INFO] [LTC/USDT] Prediction: HOLD (Prob: 0.5285, Close: 81.61000000)
2025-12-07 10:46:04,934 [INFO] [AVAX/USDT] Prediction: HOLD (Prob: 0.4959, Close: 13.37800000)
2025-12-07 10:46:08,849 [INFO] [LINK/USDT] Prediction: HOLD (Prob: 0.5129, Close: 13.83700000)
2025-12-07 10:46:08,850 [INFO] Found 1 BUY opportunities.
2025-12-07 10:46:08,851 [INFO] Cycle End. Balance: 53.32, Equity: 80.02. Open Pos: 1
2025-12-07 10:47:08,852 [INFO] Scanning market... (12 pairs)
2025-12-07 10:47:13,443 [INFO] [BTC/USDT] Volatility too low (0.0020 < 0.002). Skipping prediction.
2025-12-07 10:47:17,786 [INFO] [ETH/USDT] Prediction: HOLD (Prob: 0.4529, Close: 3041.26000000)
2025-12-07 10:47:22,402 [INFO] [SOL/USDT] Prediction: HOLD (Prob: 0.4724, Close: 132.24000000)
2025-12-07 10:47:26,589 [INFO] [BNB/USDT] Prediction: HOLD (Prob: 0.4656, Close: 891.50000000)
2025-12-07 10:47:30,741 [INFO] [ADA/USDT] Prediction: HOLD (Prob: 0.4788, Close: 0.41620000)
2025-12-07 10:47:34,854 [INFO] [XRP/USDT] Prediction: HOLD (Prob: 0.4835, Close: 2.03390000)
2025-12-07 10:47:38,931 [INFO] [DOGE/USDT] Prediction: HOLD (Prob: 0.4412, Close: 0.13921000)
2025-12-07 10:47:42,977 [INFO] [1000PEPE/USDT] Prediction: BUY (Prob: 0.5748, Close: 0.00448280)
2025-12-07 10:47:47,056 [INFO] [1000SHIB/USDT] Prediction: HOLD (Prob: 0.4790, Close: 0.00842700)
2025-12-07 10:47:51,265 [INFO] [LTC/USDT] Prediction: HOLD (Prob: 0.4860, Close: 81.77000000)
2025-12-07 10:47:55,321 [INFO] [AVAX/USDT] Prediction: HOLD (Prob: 0.4922, Close: 13.38600000)
2025-12-07 10:47:59,597 [INFO] [LINK/USDT] Prediction: HOLD (Prob: 0.5134, Close: 13.84800000)
2025-12-07 10:47:59,599 [INFO] Found 1 BUY opportunities.
2025-12-07 10:47:59,600 [INFO] Cycle End. Balance: 53.32, Equity: 80.08. Open Pos: 1
2025-12-07 10:48:59,602 [INFO] Scanning market... (12 pairs)
2025-12-07 10:49:02,698 [INFO] [BTC/USDT] Volatility too low (0.0020 < 0.002). Skipping prediction.
2025-12-07 10:49:05,609 [INFO] [ETH/USDT] Prediction: HOLD (Prob: 0.4578, Close: 3041.35000000)
2025-12-07 10:49:09,335 [INFO] [SOL/USDT] Prediction: HOLD (Prob: 0.4520, Close: 132.36000000)
2025-12-07 10:49:12,502 [INFO] [BNB/USDT] Prediction: HOLD (Prob: 0.4654, Close: 891.82000000)
2025-12-07 10:49:15,554 [INFO] [ADA/USDT] Prediction: HOLD (Prob: 0.4815, Close: 0.41610000)
2025-12-07 10:49:19,335 [INFO] [XRP/USDT] Prediction: HOLD (Prob: 0.4865, Close: 2.03280000)
2025-12-07 10:49:22,487 [INFO] [DOGE/USDT] Prediction: HOLD (Prob: 0.4519, Close: 0.13915000)
2025-12-07 10:49:26,223 [INFO] [1000PEPE/USDT] Prediction: BUY (Prob: 0.5745, Close: 0.00448260)
2025-12-07 10:49:29,855 [INFO] [1000SHIB/USDT] Prediction: HOLD (Prob: 0.4697, Close: 0.00842800)
2025-12-07 10:49:33,178 [INFO] [LTC/USDT] Prediction: HOLD (Prob: 0.4694, Close: 81.84000000)
2025-12-07 10:49:36,212 [INFO] [AVAX/USDT] Prediction: HOLD (Prob: 0.4912, Close: 13.39600000)
2025-12-07 10:49:39,547 [INFO] [LINK/USDT] Prediction: HOLD (Prob: 0.5134, Close: 13.86900000)
2025-12-07 10:49:39,549 [INFO] Found 1 BUY opportunities.
2025-12-07 10:49:39,550 [INFO] Cycle End. Balance: 53.32, Equity: 80.08. Open Pos: 1
2025-12-07 10:50:39,554 [INFO] Scanning market... (12 pairs)
2025-12-07 10:50:42,804 [INFO] [BTC/USDT] Volatility too low (0.0020 < 0.002). Skipping prediction.
2025-12-07 10:50:45,819 [INFO] [ETH/USDT] Prediction: HOLD (Prob: 0.4529, Close: 3041.20000000)
2025-12-07 10:50:48,868 [INFO] [SOL/USDT] Prediction: HOLD (Prob: 0.4521, Close: 132.42000000)
2025-12-07 10:50:51,841 [INFO] [BNB/USDT] Prediction: HOLD (Prob: 0.4621, Close: 891.65000000)
2025-12-07 10:50:55,803 [INFO] [ADA/USDT] Prediction: HOLD (Prob: 0.4815, Close: 0.41610000)
2025-12-07 10:50:58,800 [INFO] [XRP/USDT] Prediction: HOLD (Prob: 0.4897, Close: 2.03320000)
2025-12-07 10:51:01,845 [INFO] [DOGE/USDT] Prediction: HOLD (Prob: 0.4519, Close: 0.13916000)
2025-12-07 10:51:05,116 [INFO] [1000PEPE/USDT] Prediction: BUY (Prob: 0.5745, Close: 0.00448190)
2025-12-07 10:51:09,058 [INFO] [1000SHIB/USDT] Prediction: HOLD (Prob: 0.4733, Close: 0.00842300)
2025-12-07 10:51:12,846 [INFO] [LTC/USDT] Prediction: HOLD (Prob: 0.4709, Close: 81.82000000)
2025-12-07 10:51:15,875 [INFO] [AVAX/USDT] Prediction: HOLD (Prob: 0.4912, Close: 13.39700000)
2025-12-07 10:51:19,796 [INFO] [LINK/USDT] Prediction: HOLD (Prob: 0.5142, Close: 13.88400000)
2025-12-07 10:51:19,797 [INFO] Found 1 BUY opportunities.
2025-12-07 10:51:19,798 [INFO] Cycle End. Balance: 53.32, Equity: 80.08. Open Pos: 1
2025-12-07 10:52:19,804 [INFO] Scanning market... (12 pairs)
2026-03-18 08:41:01,105 [INFO] Universal Model trained on 12 pairs. Accuracy: 0.5751. Data points: 17412
2026-03-18 08:46:04,815 [INFO] Universal Model trained on 12 pairs. Accuracy: 0.5777. Data points: 17412
2026-03-18 08:57:24,809 [INFO] Universal Model trained on 12 pairs. Accuracy: 0.5725. Data points: 17412
2026-03-18 09:08:42,343 [INFO] Universal Model trained on 12 pairs. Accuracy: 0.5624. Data points: 17412
2026-03-18 20:35:15,744 [INFO] Universal Model trained on 12 pairs. Accuracy: 0.5656. Data points: 17412
2026-03-18 20:42:15,952 [INFO] Universal Model trained on 12 pairs. Accuracy: 0.5699. Data points: 17412
2026-03-18 20:52:17,021 [INFO] Paper Trading engine initialized. Mode: Simulation.
2026-03-18 20:52:17,021 [INFO] ==================================================
2026-03-18 20:52:17,021 [INFO] Bot started — Multi-Symbol Paper Trading Mode
2026-03-18 20:52:17,021 [INFO] Symbols: ['BTC/USDT', 'ETH/USDT', 'SOL/USDT', 'BNB/USDT', 'ADA/USDT', 'XRP/USDT', 'DOGE/USDT', '1000PEPE/USDT', '1000SHIB/USDT', 'LTC/USDT', 'AVAX/USDT', 'LINK/USDT']
2026-03-18 20:52:17,021 [INFO] Max positions: 3
2026-03-18 20:52:17,021 [INFO] ==================================================
2026-03-18 20:52:17,022 [INFO] Restored position: 1000PEPE/USDT (5970.372029 units @ 0.00)
2026-03-18 20:52:17,022 [INFO] Scanning 12 pairs...
2026-03-18 20:52:21,729 [INFO] [BTC/USDT] Prediction: HOLD (Prob: 0.5180, Close: 71214.10000000)
2026-03-18 20:52:24,589 [INFO] [ETH/USDT] Prediction: HOLD (Prob: 0.4305, Close: 2186.82000000)
2026-03-18 20:52:27,431 [INFO] [SOL/USDT] Prediction: HOLD (Prob: 0.4697, Close: 89.93000000)
2026-03-18 20:52:31,598 [INFO] [BNB/USDT] Prediction: HOLD (Prob: 0.4751, Close: 649.82000000)
2026-03-18 20:52:36,694 [INFO] [ADA/USDT] Prediction: HOLD (Prob: 0.4296, Close: 0.27330000)
2026-03-18 20:52:40,582 [INFO] [XRP/USDT] Prediction: HOLD (Prob: 0.4850, Close: 1.45870000)
2026-03-18 20:52:43,483 [INFO] [DOGE/USDT] Prediction: HOLD (Prob: 0.4525, Close: 0.09508000)
2026-03-18 20:52:46,862 [INFO] [1000PEPE/USDT] Prediction: HOLD (Prob: 0.4251, Close: 0.00350700)
2026-03-18 20:52:50,010 [INFO] [1000SHIB/USDT] Prediction: HOLD (Prob: 0.4402, Close: 0.00580700)
2026-03-18 20:52:52,862 [INFO] [LTC/USDT] Prediction: HOLD (Prob: 0.4568, Close: 55.96000000)
2026-03-18 20:52:55,681 [INFO] [AVAX/USDT] Prediction: HOLD (Prob: 0.4021, Close: 9.66200000)
2026-03-18 20:52:58,201 [INFO] [LINK/USDT] Prediction: HOLD (Prob: 0.4243, Close: 9.21400000)
2026-03-18 20:52:58,204 [INFO] Found 0 BUY opportunities
2026-03-18 20:52:58,205 [INFO] Cycle complete. Balance: $53.32 | Equity: $74.26 | Positions: 1/3
2026-03-18 20:53:58,217 [INFO] Scanning 12 pairs...
2026-03-18 20:54:00,930 [INFO] [BTC/USDT] Prediction: HOLD (Prob: 0.5180, Close: 71202.10000000)
